# JRE version: OpenJDK Runtime Environment (8.0_242-b01) (build 1.8.0_242-release-1644-b01)
# Java VM: OpenJDK 64-Bit Server VM (25.242-b01 mixed mode windows-amd64 compressed oops)
Heap:
 PSYoungGen      total 424448K, used 160637K [0x00000000d5580000, 0x00000000f0300000, 0x0000000100000000)
  eden space 409088K, 39% used [0x00000000d5580000,0x00000000df1cf780,0x00000000ee500000)
  from space 15360K, 3% used [0x00000000ee500000,0x00000000ee590000,0x00000000ef400000)
  to   space 12800K, 0% used [0x00000000ef680000,0x00000000ef680000,0x00000000f0300000)
 ParOldGen       total 147968K, used 33361K [0x0000000080000000, 0x0000000089080000, 0x00000000d5580000)
  object space 147968K, 22% used [0x0000000080000000,0x0000000082094558,0x0000000089080000)
 Metaspace       used 39925K, capacity 41961K, committed 42112K, reserved 1085440K
  class space    used 5549K, capacity 5963K, committed 6016K, reserved 1048576K
GC Heap History (10 events):
Event: 7.273 GC heap before
{Heap before GC invocations=17 (full 2):
 PSYoungGen      total 421888K, used 418144K [0x00000000d5580000, 0x00000000f0300000, 0x0000000100000000)
  eden space 409088K, 100% used [0x00000000d5580000,0x00000000ee500000,0x00000000ee500000)
  from space 12800K, 70% used [0x00000000ef680000,0x00000000eff58020,0x00000000f0300000)
  to   space 15360K, 0% used [0x00000000ee500000,0x00000000ee500000,0x00000000ef400000)
 ParOldGen       total 147968K, used 20045K [0x0000000080000000, 0x0000000089080000, 0x00000000d5580000)
  object space 147968K, 13% used [0x0000000080000000,0x0000000081393578,0x0000000089080000)
 Metaspace       used 39190K, capacity 40993K, committed 41216K, reserved 1085440K
  class space    used 5458K, capacity 5827K, committed 5888K, reserved 1048576K
Event: 7.280 GC heap after
Heap after GC invocations=17 (full 2):
 PSYoungGen      total 424448K, used 2112K [0x00000000d5580000, 0x00000000f0300000, 0x0000000100000000)
  eden space 409088K, 0% used [0x00000000d5580000,0x00000000d5580000,0x00000000ee500000)
  from space 15360K, 13% used [0x00000000ee500000,0x00000000ee710010,0x00000000ef400000)
  to   space 12800K, 0% used [0x00000000ef680000,0x00000000ef680000,0x00000000f0300000)
 ParOldGen       total 147968K, used 27789K [0x0000000080000000, 0x0000000089080000, 0x00000000d5580000)
  object space 147968K, 18% used [0x0000000080000000,0x0000000081b23588,0x0000000089080000)
 Metaspace       used 39190K, capacity 40993K, committed 41216K, reserved 1085440K
  class space    used 5458K, capacity 5827K, committed 5888K, reserved 1048576K
}
Event: 7.503 GC heap before
{Heap before GC invocations=18 (full 2):
 PSYoungGen      total 424448K, used 411200K [0x00000000d5580000, 0x00000000f0300000, 0x0000000100000000)
  eden space 409088K, 100% used [0x00000000d5580000,0x00000000ee500000,0x00000000ee500000)
  from space 15360K, 13% used [0x00000000ee500000,0x00000000ee710010,0x00000000ef400000)
  to   space 12800K, 0% used [0x00000000ef680000,0x00000000ef680000,0x00000000f0300000)
 ParOldGen       total 147968K, used 27789K [0x0000000080000000, 0x0000000089080000, 0x00000000d5580000)
  object space 147968K, 18% used [0x0000000080000000,0x0000000081b23588,0x0000000089080000)
 Metaspace       used 39190K, capacity 40993K, committed 41216K, reserved 1085440K
  class space    used 5458K, capacity 5827K, committed 5888K, reserved 1048576K
Event: 7.506 GC heap after
Heap after GC invocations=18 (full 2):
 PSYoungGen      total 421888K, used 960K [0x00000000d5580000, 0x00000000f0300000, 0x0000000100000000)
  eden space 409088K, 0% used [0x00000000d5580000,0x00000000d5580000,0x00000000ee500000)
  from space 12800K, 7% used [0x00000000ef680000,0x00000000ef770000,0x00000000f0300000)
  to   space 15360K, 0% used [0x00000000ee500000,0x00000000ee500000,0x00000000ef400000)
 ParOldGen       total 147968K, used 29749K [0x0000000080000000, 0x0000000089080000, 0x00000000d5580000)
  object space 147968K, 20% used [0x0000000080000000,0x0000000081d0d598,0x0000000089080000)
 Metaspace       used 39190K, capacity 40993K, committed 41216K, reserved 1085440K
  class space    used 5458K, capacity 5827K, committed 5888K, reserved 1048576K
}
Event: 8.040 GC heap before
{Heap before GC invocations=19 (full 2):
 PSYoungGen      total 421888K, used 410048K [0x00000000d5580000, 0x00000000f0300000, 0x0000000100000000)
  eden space 409088K, 100% used [0x00000000d5580000,0x00000000ee500000,0x00000000ee500000)
  from space 12800K, 7% used [0x00000000ef680000,0x00000000ef770000,0x00000000f0300000)
  to   space 15360K, 0% used [0x00000000ee500000,0x00000000ee500000,0x00000000ef400000)
 ParOldGen       total 147968K, used 29749K [0x0000000080000000, 0x0000000089080000, 0x00000000d5580000)
  object space 147968K, 20% used [0x0000000080000000,0x0000000081d0d598,0x0000000089080000)
 Metaspace       used 39339K, capacity 41219K, committed 41472K, reserved 1085440K
  class space    used 5476K, capacity 5872K, committed 5888K, reserved 1048576K
Event: 8.043 GC heap after
Heap after GC invocations=19 (full 2):
 PSYoungGen      total 424448K, used 1944K [0x00000000d5580000, 0x00000000f0300000, 0x0000000100000000)
  eden space 409088K, 0% used [0x00000000d5580000,0x00000000d5580000,0x00000000ee500000)
  from space 15360K, 12% used [0x00000000ee500000,0x00000000ee6e61a8,0x00000000ef400000)
  to   space 12800K, 0% used [0x00000000ef680000,0x00000000ef680000,0x00000000f0300000)
 ParOldGen       total 147968K, used 30069K [0x0000000080000000, 0x0000000089080000, 0x00000000d5580000)
  object space 147968K, 20% used [0x0000000080000000,0x0000000081d5d598,0x0000000089080000)
 Metaspace       used 39339K, capacity 41219K, committed 41472K, reserved 1085440K
  class space    used 5476K, capacity 5872K, committed 5888K, reserved 1048576K
}
Event: 8.823 GC heap before
{Heap before GC invocations=20 (full 2):
 PSYoungGen      total 424448K, used 411032K [0x00000000d5580000, 0x00000000f0300000, 0x0000000100000000)
  eden space 409088K, 100% used [0x00000000d5580000,0x00000000ee500000,0x00000000ee500000)
  from space 15360K, 12% used [0x00000000ee500000,0x00000000ee6e61a8,0x00000000ef400000)
  to   space 12800K, 0% used [0x00000000ef680000,0x00000000ef680000,0x00000000f0300000)
 ParOldGen       total 147968K, used 30133K [0x0000000080000000, 0x0000000089080000, 0x00000000d5580000)
  object space 147968K, 20% used [0x0000000080000000,0x0000000081d6d5c8,0x0000000089080000)
 Metaspace       used 39924K, capacity 41961K, committed 42112K, reserved 1085440K
  class space    used 5549K, capacity 5963K, committed 6016K, reserved 1048576K
Event: 8.831 GC heap after
Heap after GC invocations=20 (full 2):
 PSYoungGen      total 421888K, used 3347K [0x00000000d5580000, 0x00000000f0300000, 0x0000000100000000)
  eden space 409088K, 0% used [0x00000000d5580000,0x00000000d5580000,0x00000000ee500000)
  from space 12800K, 26% used [0x00000000ef680000,0x00000000ef9c4de0,0x00000000f0300000)
  to   space 15360K, 0% used [0x00000000ee500000,0x00000000ee500000,0x00000000ef400000)
 ParOldGen       total 147968K, used 30609K [0x0000000080000000, 0x0000000089080000, 0x00000000d5580000)
  object space 147968K, 20% used [0x0000000080000000,0x0000000081de45f8,0x0000000089080000)
 Metaspace       used 39924K, capacity 41961K, committed 42112K, reserved 1085440K
  class space    used 5549K, capacity 5963K, committed 6016K, reserved 1048576K
}
Event: 9.008 GC heap before
{Heap before GC invocations=21 (full 2):
 PSYoungGen      total 421888K, used 412435K [0x00000000d5580000, 0x00000000f0300000, 0x0000000100000000)
  eden space 409088K, 100% used [0x00000000d5580000,0x00000000ee500000,0x00000000ee500000)
  from space 12800K, 26% used [0x00000000ef680000,0x00000000ef9c4de0,0x00000000f0300000)
  to   space 15360K, 0% used [0x00000000ee500000,0x00000000ee500000,0x00000000ef400000)
 ParOldGen       total 147968K, used 30614K [0x0000000080000000, 0x0000000089080000, 0x00000000d5580000)
  object space 147968K, 20% used [0x0000000080000000,0x0000000081de5a08,0x0000000089080000)
 Metaspace       used 39925K, capacity 41961K, committed 42112K, reserved 1085440K
  class space    used 5549K, capacity 5963K, committed 6016K, reserved 1048576K
Event: 9.012 GC heap after
Heap after GC invocations=21 (full 2):
 PSYoungGen      total 424448K, used 576K [0x00000000d5580000, 0x00000000f0300000, 0x0000000100000000)
  eden space 409088K, 0% used [0x00000000d5580000,0x00000000d5580000,0x00000000ee500000)
  from space 15360K, 3% used [0x00000000ee500000,0x00000000ee590000,0x00000000ef400000)
  to   space 12800K, 0% used [0x00000000ef680000,0x00000000ef680000,0x00000000f0300000)
 ParOldGen       total 147968K, used 33361K [0x0000000080000000, 0x0000000089080000, 0x00000000d5580000)
  object space 147968K, 22% used [0x0000000080000000,0x0000000082094558,0x0000000089080000)
 Metaspace       used 39925K, capacity 41961K, committed 42112K, reserved 1085440K
  class space    used 5549K, capacity 5963K, committed 6016K, reserved 1048576K
}

